# JRE version: OpenJDK Runtime Environment (8.0_242-b01) (build 1.8.0_242-release-1644-b01)
# Java VM: OpenJDK 64-Bit Server VM (25.242-b01 mixed mode windows-amd64 compressed oops)
Heap:
 PSYoungGen      total 91136K, used 54619K [0x00000000d5580000, 0x00000000dc200000, 0x0000000100000000)
  eden space 78848K, 53% used [0x00000000d5580000,0x00000000d7edb6a0,0x00000000da280000)
  from space 12288K, 99% used [0x00000000db100000,0x00000000dbcfb7c8,0x00000000dbd00000)
  to   space 14848K, 0% used [0x00000000da280000,0x00000000da280000,0x00000000db100000)
 ParOldGen       total 119296K, used 17836K [0x0000000080000000, 0x0000000087480000, 0x00000000d5580000)
  object space 119296K, 14% used [0x0000000080000000,0x000000008116b078,0x0000000087480000)
 Metaspace       used 50900K, capacity 52882K, committed 53160K, reserved 1095680K
  class space    used 6803K, capacity 7237K, committed 7344K, reserved 1048576K
GC Heap History (10 events):
Event: 13.756 GC heap before
{Heap before GC invocations=10 (full 1):
 PSYoungGen      total 64512K, used 42160K [0x00000000d5580000, 0x00000000da080000, 0x0000000100000000)
  eden space 53248K, 64% used [0x00000000d5580000,0x00000000d76faef0,0x00000000d8980000)
  from space 11264K, 69% used [0x00000000d9480000,0x00000000d9c31368,0x00000000d9f80000)
  to   space 11264K, 0% used [0x00000000d8980000,0x00000000d8980000,0x00000000d9480000)
 ParOldGen       total 78336K, used 9346K [0x0000000080000000, 0x0000000084c80000, 0x00000000d5580000)
  object space 78336K, 11% used [0x0000000080000000,0x0000000080920a08,0x0000000084c80000)
 Metaspace       used 34279K, capacity 35408K, committed 35496K, reserved 1079296K
  class space    used 4715K, capacity 5001K, committed 5040K, reserved 1048576K
Event: 13.767 GC heap after
Heap after GC invocations=10 (full 1):
 PSYoungGen      total 64512K, used 8182K [0x00000000d5580000, 0x00000000dae00000, 0x0000000100000000)
  eden space 53248K, 0% used [0x00000000d5580000,0x00000000d5580000,0x00000000d8980000)
  from space 11264K, 72% used [0x00000000d8980000,0x00000000d917d930,0x00000000d9480000)
  to   space 11264K, 0% used [0x00000000da300000,0x00000000da300000,0x00000000dae00000)
 ParOldGen       total 78336K, used 9354K [0x0000000080000000, 0x0000000084c80000, 0x00000000d5580000)
  object space 78336K, 11% used [0x0000000080000000,0x0000000080922a08,0x0000000084c80000)
 Metaspace       used 34279K, capacity 35408K, committed 35496K, reserved 1079296K
  class space    used 4715K, capacity 5001K, committed 5040K, reserved 1048576K
}
Event: 13.767 GC heap before
{Heap before GC invocations=11 (full 2):
 PSYoungGen      total 64512K, used 8182K [0x00000000d5580000, 0x00000000dae00000, 0x0000000100000000)
  eden space 53248K, 0% used [0x00000000d5580000,0x00000000d5580000,0x00000000d8980000)
  from space 11264K, 72% used [0x00000000d8980000,0x00000000d917d930,0x00000000d9480000)
  to   space 11264K, 0% used [0x00000000da300000,0x00000000da300000,0x00000000dae00000)
 ParOldGen       total 78336K, used 9354K [0x0000000080000000, 0x0000000084c80000, 0x00000000d5580000)
  object space 78336K, 11% used [0x0000000080000000,0x0000000080922a08,0x0000000084c80000)
 Metaspace       used 34279K, capacity 35408K, committed 35496K, reserved 1079296K
  class space    used 4715K, capacity 5001K, committed 5040K, reserved 1048576K
Event: 13.841 GC heap after
Heap after GC invocations=11 (full 2):
 PSYoungGen      total 64512K, used 0K [0x00000000d5580000, 0x00000000dae00000, 0x0000000100000000)
  eden space 53248K, 0% used [0x00000000d5580000,0x00000000d5580000,0x00000000d8980000)
  from space 11264K, 0% used [0x00000000d8980000,0x00000000d8980000,0x00000000d9480000)
  to   space 11264K, 0% used [0x00000000da300000,0x00000000da300000,0x00000000dae00000)
 ParOldGen       total 119296K, used 14544K [0x0000000080000000, 0x0000000087480000, 0x00000000d5580000)
  object space 119296K, 12% used [0x0000000080000000,0x0000000080e34130,0x0000000087480000)
 Metaspace       used 34279K, capacity 35408K, committed 35496K, reserved 1079296K
  class space    used 4715K, capacity 5001K, committed 5040K, reserved 1048576K
}
Event: 16.518 GC heap before
{Heap before GC invocations=12 (full 2):
 PSYoungGen      total 64512K, used 53248K [0x00000000d5580000, 0x00000000dae00000, 0x0000000100000000)
  eden space 53248K, 100% used [0x00000000d5580000,0x00000000d8980000,0x00000000d8980000)
  from space 11264K, 0% used [0x00000000d8980000,0x00000000d8980000,0x00000000d9480000)
  to   space 11264K, 0% used [0x00000000da300000,0x00000000da300000,0x00000000dae00000)
 ParOldGen       total 119296K, used 14544K [0x0000000080000000, 0x0000000087480000, 0x00000000d5580000)
  object space 119296K, 12% used [0x0000000080000000,0x0000000080e34130,0x0000000087480000)
 Metaspace       used 36317K, capacity 37664K, committed 37800K, reserved 1081344K
  class space    used 4982K, capacity 5289K, committed 5296K, reserved 1048576K
Event: 16.526 GC heap after
Heap after GC invocations=12 (full 2):
 PSYoungGen      total 76288K, used 4299K [0x00000000d5580000, 0x00000000dac80000, 0x0000000100000000)
  eden space 66560K, 0% used [0x00000000d5580000,0x00000000d5580000,0x00000000d9680000)
  from space 9728K, 44% used [0x00000000da300000,0x00000000da732ff0,0x00000000dac80000)
  to   space 11264K, 0% used [0x00000000d9680000,0x00000000d9680000,0x00000000da180000)
 ParOldGen       total 119296K, used 14552K [0x0000000080000000, 0x0000000087480000, 0x00000000d5580000)
  object space 119296K, 12% used [0x0000000080000000,0x0000000080e36130,0x0000000087480000)
 Metaspace       used 36317K, capacity 37664K, committed 37800K, reserved 1081344K
  class space    used 4982K, capacity 5289K, committed 5296K, reserved 1048576K
}
Event: 21.455 GC heap before
{Heap before GC invocations=13 (full 2):
 PSYoungGen      total 76288K, used 70859K [0x00000000d5580000, 0x00000000dac80000, 0x0000000100000000)
  eden space 66560K, 100% used [0x00000000d5580000,0x00000000d9680000,0x00000000d9680000)
  from space 9728K, 44% used [0x00000000da300000,0x00000000da732ff0,0x00000000dac80000)
  to   space 11264K, 0% used [0x00000000d9680000,0x00000000d9680000,0x00000000da180000)
 ParOldGen       total 119296K, used 14552K [0x0000000080000000, 0x0000000087480000, 0x00000000d5580000)
  object space 119296K, 12% used [0x0000000080000000,0x0000000080e36130,0x0000000087480000)
 Metaspace       used 42297K, capacity 44058K, committed 44328K, reserved 1087488K
  class space    used 5777K, capacity 6171K, committed 6192K, reserved 1048576K
Event: 21.467 GC heap after
Heap after GC invocations=13 (full 2):
 PSYoungGen      total 77824K, used 10422K [0x00000000d5580000, 0x00000000dbd00000, 0x0000000100000000)
  eden space 66560K, 0% used [0x00000000d5580000,0x00000000d5580000,0x00000000d9680000)
  from space 11264K, 92% used [0x00000000d9680000,0x00000000da0adbe8,0x00000000da180000)
  to   space 12288K, 0% used [0x00000000db100000,0x00000000db100000,0x00000000dbd00000)
 ParOldGen       total 119296K, used 14560K [0x0000000080000000, 0x0000000087480000, 0x00000000d5580000)
  object space 119296K, 12% used [0x0000000080000000,0x0000000080e38130,0x0000000087480000)
 Metaspace       used 42297K, capacity 44058K, committed 44328K, reserved 1087488K
  class space    used 5777K, capacity 6171K, committed 6192K, reserved 1048576K
}
Event: 24.233 GC heap before
{Heap before GC invocations=14 (full 2):
 PSYoungGen      total 77824K, used 76982K [0x00000000d5580000, 0x00000000dbd00000, 0x0000000100000000)
  eden space 66560K, 100% used [0x00000000d5580000,0x00000000d9680000,0x00000000d9680000)
  from space 11264K, 92% used [0x00000000d9680000,0x00000000da0adbe8,0x00000000da180000)
  to   space 12288K, 0% used [0x00000000db100000,0x00000000db100000,0x00000000dbd00000)
 ParOldGen       total 119296K, used 14560K [0x0000000080000000, 0x0000000087480000, 0x00000000d5580000)
  object space 119296K, 12% used [0x0000000080000000,0x0000000080e38130,0x0000000087480000)
 Metaspace       used 47999K, capacity 49872K, committed 50216K, reserved 1093632K
  class space    used 6463K, capacity 6882K, committed 6960K, reserved 1048576K
Event: 24.253 GC heap after
Heap after GC invocations=14 (full 2):
 PSYoungGen      total 91136K, used 12269K [0x00000000d5580000, 0x00000000dc200000, 0x0000000100000000)
  eden space 78848K, 0% used [0x00000000d5580000,0x00000000d5580000,0x00000000da280000)
  from space 12288K, 99% used [0x00000000db100000,0x00000000dbcfb7c8,0x00000000dbd00000)
  to   space 14848K, 0% used [0x00000000da280000,0x00000000da280000,0x00000000db100000)
 ParOldGen       total 119296K, used 17836K [0x0000000080000000, 0x0000000087480000, 0x00000000d5580000)
  object space 119296K, 14% used [0x0000000080000000,0x000000008116b078,0x0000000087480000)
 Metaspace       used 47999K, capacity 49872K, committed 50216K, reserved 1093632K
  class space    used 6463K, capacity 6882K, committed 6960K, reserved 1048576K
}

